<?xml version="1.0" encoding="UTF-8"?>
<!-- Generated by org.testng.reporters.JUnitReportReporter -->
<testsuite hostname="DESKTOP-6F1KN2E" failures="0" tests="1" name="com.epam.framework.testCase.Hardcore" time="35.147" errors="0" timestamp="2022-09-05T16:43:42 EEST" skipped="0">
  <testcase classname="com.epam.framework.testCase.Hardcore" name="hardcore" time="35.147"/>
  <system-out/>
</testsuite> <!-- com.epam.framework.testCase.Hardcore -->
