<?xml version="1.0" encoding="UTF-8"?>
<!-- Generated by org.testng.reporters.JUnitReportReporter -->
<testsuite hostname="DESKTOP-6F1KN2E" failures="0" tests="1" name="com.epam.framework.testCase.Hardcore" time="47.525" errors="0" timestamp="2022-08-31T15:35:30 EEST" skipped="0">
  <testcase classname="com.epam.framework.testCase.Hardcore" name="hardcore" time="47.525"/>
  <system-out/>
</testsuite> <!-- com.epam.framework.testCase.Hardcore -->
